<?xml version="1.0" encoding="UTF-8"?>
<!-- Generated by org.testng.reporters.JUnitXMLReporter -->
<testsuite hostname="callcenter2-PC" ignored="0" name="Test" tests="3" failures="0" timestamp="06 Mar 2018 06:39:24 GMT" time="0.052" errors="0">
  <testcase name="testAnnualSalary" time="0.012" classname="unitTest.Test1"/>
  <testcase name="testAppraisal" time="0.005" classname="unitTest.Test3"/>
  <testcase name="testAppraisal" time="0.001" classname="unitTest.Test2"/>
</testsuite> <!-- Test -->
